[debug] [2025-07-22T07:16:50.039Z] ----------------------------------------------------------------------
[debug] [2025-07-22T07:16:50.042Z] Command:       C:\Program Files\nodejs\node.exe C:\Users\anujg\AppData\Roaming\npm\node_modules\firebase-tools\lib\bin\firebase.js init hosting
[debug] [2025-07-22T07:16:50.043Z] CLI Version:   14.11.0
[debug] [2025-07-22T07:16:50.043Z] Platform:      win32
[debug] [2025-07-22T07:16:50.043Z] Node Version:  v22.17.1
[debug] [2025-07-22T07:16:50.043Z] Time:          Tue Jul 22 2025 12:46:50 GMT+0530 (India Standard Time)
[debug] [2025-07-22T07:16:50.043Z] ----------------------------------------------------------------------
[debug] 
[debug] [2025-07-22T07:16:50.049Z] > command requires scopes: ["email","openid","https://www.googleapis.com/auth/cloudplatformprojects.readonly","https://www.googleapis.com/auth/firebase","https://www.googleapis.com/auth/cloud-platform"]
[debug] [2025-07-22T07:16:50.049Z] > authorizing via signed-in user (ganuj.iit@gmail.com)
[info] 
     ######## #### ########  ######## ########     ###     ######  ########
     ##        ##  ##     ## ##       ##     ##  ##   ##  ##       ##
     ######    ##  ########  ######   ########  #########  ######  ######
     ##        ##  ##    ##  ##       ##     ## ##     ##       ## ##
     ##       #### ##     ## ######## ########  ##     ##  ######  ########

You're about to initialize a Firebase project in this directory:

  C:\users\anujg\desktop\ai\Food_Nutrition

[info] 
=== Project Setup
[info] 
[info] First, let's associate this project directory with a Firebase project.
[info] You can create multiple project aliases by running firebase use --add, 
[info] but for now we'll just set up a default project.
[info] 
[info] i  If you want to create a project in a Google Cloud organization or folder, please use "firebase projects:create" instead, and return to this command when you've created the project. 
[debug] [2025-07-22T07:17:48.323Z] Checked if tokens are valid: true, expires at: 1753172052189
[debug] [2025-07-22T07:17:48.323Z] Checked if tokens are valid: true, expires at: 1753172052189
[debug] [2025-07-22T07:17:48.326Z] >>> [apiv2][query] POST https://firebase.googleapis.com/v1/projects:checkProjectId [none]
[debug] [2025-07-22T07:17:48.326Z] >>> [apiv2][body] POST https://firebase.googleapis.com/v1/projects:checkProjectId {"proposedId":"\"firebase projects:create"}
[debug] [2025-07-22T07:17:48.941Z] <<< [apiv2][status] POST https://firebase.googleapis.com/v1/projects:checkProjectId 400
[debug] [2025-07-22T07:17:48.941Z] <<< [apiv2][body] POST https://firebase.googleapis.com/v1/projects:checkProjectId {"error":{"code":400,"message":"Request contains an invalid argument.","status":"INVALID_ARGUMENT"}}
[debug] [2025-07-22T07:17:48.942Z] Couldn't check if project ID "firebase projects:create is available. Original error: FirebaseError: Failed to check if project ID is available. See firebase-debug.log for more info.
[debug] [2025-07-22T07:18:03.740Z] Checked if tokens are valid: true, expires at: 1753172052189
[debug] [2025-07-22T07:18:03.740Z] Checked if tokens are valid: true, expires at: 1753172052189
[debug] [2025-07-22T07:18:03.741Z] >>> [apiv2][query] POST https://cloudresourcemanager.googleapis.com/v1/projects [none]
[debug] [2025-07-22T07:18:03.741Z] >>> [apiv2][body] POST https://cloudresourcemanager.googleapis.com/v1/projects {"projectId":"\"firebase projects:create","name":"Food_Nutrition"}
[debug] [2025-07-22T07:18:05.264Z] <<< [apiv2][status] POST https://cloudresourcemanager.googleapis.com/v1/projects 400
[debug] [2025-07-22T07:18:05.265Z] <<< [apiv2][body] POST https://cloudresourcemanager.googleapis.com/v1/projects {"error":{"code":400,"message":"Request contains an invalid argument.","status":"INVALID_ARGUMENT","details":[{"@type":"type.googleapis.com/google.rpc.BadRequest","fieldViolations":[{"field":"project_id","description":"Cannot create domain prefixed projects"},{"field":"display_name","description":"project display name contains invalid characters"}]},{"@type":"type.googleapis.com/google.rpc.Help","links":[{"url":"https://cloud.google.com/resource-manager/reference/rest/v1/projects"}]}]}}
[debug] [2025-07-22T07:18:05.268Z] FirebaseError: Request to https://cloudresourcemanager.googleapis.com/v1/projects had HTTP Error: 400, Request contains an invalid argument.
    at responseToError (C:\Users\anujg\AppData\Roaming\npm\node_modules\firebase-tools\lib\responseToError.js:52:12)
    at RetryOperation._fn (C:\Users\anujg\AppData\Roaming\npm\node_modules\firebase-tools\lib\apiv2.js:312:77)
    at process.processTicksAndRejections (node:internal/process/task_queues:105:5)
[error] 
[error] Error: Failed to create project. See firebase-debug.log for more info.
[debug] [2025-07-22T07:18:19.773Z] ----------------------------------------------------------------------
[debug] [2025-07-22T07:18:19.776Z] Command:       C:\Program Files\nodejs\node.exe C:\Users\anujg\AppData\Roaming\npm\node_modules\firebase-tools\lib\bin\firebase.js init hosting
[debug] [2025-07-22T07:18:19.777Z] CLI Version:   14.11.0
[debug] [2025-07-22T07:18:19.777Z] Platform:      win32
[debug] [2025-07-22T07:18:19.777Z] Node Version:  v22.17.1
[debug] [2025-07-22T07:18:19.777Z] Time:          Tue Jul 22 2025 12:48:19 GMT+0530 (India Standard Time)
[debug] [2025-07-22T07:18:19.778Z] ----------------------------------------------------------------------
[debug] 
[debug] [2025-07-22T07:18:19.784Z] > command requires scopes: ["email","openid","https://www.googleapis.com/auth/cloudplatformprojects.readonly","https://www.googleapis.com/auth/firebase","https://www.googleapis.com/auth/cloud-platform"]
[debug] [2025-07-22T07:18:19.784Z] > authorizing via signed-in user (ganuj.iit@gmail.com)
[info] 
     ######## #### ########  ######## ########     ###     ######  ########
     ##        ##  ##     ## ##       ##     ##  ##   ##  ##       ##
     ######    ##  ########  ######   ########  #########  ######  ######
     ##        ##  ##    ##  ##       ##     ## ##     ##       ## ##
     ##       #### ##     ## ######## ########  ##     ##  ######  ########

You're about to initialize a Firebase project in this directory:

  C:\users\anujg\desktop\ai\Food_Nutrition

[info] 
=== Project Setup
[info] 
[info] First, let's associate this project directory with a Firebase project.
[info] You can create multiple project aliases by running firebase use --add, 
[info] but for now we'll just set up a default project.
[info] 
[debug] [2025-07-22T07:18:35.413Z] Checked if tokens are valid: true, expires at: 1753172052189
[debug] [2025-07-22T07:18:35.414Z] Checked if tokens are valid: true, expires at: 1753172052189
[debug] [2025-07-22T07:18:35.415Z] >>> [apiv2][query] GET https://firebase.googleapis.com/v1beta1/projects pageSize=100
[debug] [2025-07-22T07:18:36.831Z] <<< [apiv2][status] GET https://firebase.googleapis.com/v1beta1/projects 200
[debug] [2025-07-22T07:18:36.831Z] <<< [apiv2][body] GET https://firebase.googleapis.com/v1beta1/projects [omitted]
[debug] [2025-07-22T07:19:00.474Z] ExitPromptError: User force closed the prompt with SIGINT
    at Interface.sigint (C:\Users\anujg\AppData\Roaming\npm\node_modules\firebase-tools\node_modules\@inquirer\core\dist\commonjs\lib\create-prompt.js:101:37)
    at Interface.emit (node:events:518:28)
    at Interface.emit (node:domain:489:12)
    at [_ttyWrite] [as _ttyWrite] (node:internal/readline/interface:1132:18)
    at ReadStream.onkeypress (node:internal/readline/interface:271:20)
    at ReadStream.emit (node:events:530:35)
    at ReadStream.emit (node:domain:489:12)
    at emitKeys (node:internal/readline/utils:370:14)
    at emitKeys.next (<anonymous>)
    at ReadStream.onData (node:internal/readline/emitKeypressEvents:64:36)
[error] 
[error] Error: An unexpected error has occurred.
[debug] [2025-07-22T07:19:06.822Z] ----------------------------------------------------------------------
[debug] [2025-07-22T07:19:06.826Z] Command:       C:\Program Files\nodejs\node.exe C:\Users\anujg\AppData\Roaming\npm\node_modules\firebase-tools\lib\bin\firebase.js init hosting
[debug] [2025-07-22T07:19:06.827Z] CLI Version:   14.11.0
[debug] [2025-07-22T07:19:06.827Z] Platform:      win32
[debug] [2025-07-22T07:19:06.827Z] Node Version:  v22.17.1
[debug] [2025-07-22T07:19:06.830Z] Time:          Tue Jul 22 2025 12:49:06 GMT+0530 (India Standard Time)
[debug] [2025-07-22T07:19:06.831Z] ----------------------------------------------------------------------
[debug] 
[debug] [2025-07-22T07:19:06.855Z] > command requires scopes: ["email","openid","https://www.googleapis.com/auth/cloudplatformprojects.readonly","https://www.googleapis.com/auth/firebase","https://www.googleapis.com/auth/cloud-platform"]
[debug] [2025-07-22T07:19:06.855Z] > authorizing via signed-in user (ganuj.iit@gmail.com)
[info] 
     ######## #### ########  ######## ########     ###     ######  ########
     ##        ##  ##     ## ##       ##     ##  ##   ##  ##       ##
     ######    ##  ########  ######   ########  #########  ######  ######
     ##        ##  ##    ##  ##       ##     ## ##     ##       ## ##
     ##       #### ##     ## ######## ########  ##     ##  ######  ########

You're about to initialize a Firebase project in this directory:

  C:\users\anujg\desktop\ai\Food_Nutrition

[info] 
=== Project Setup
[info] 
[info] First, let's associate this project directory with a Firebase project.
[info] You can create multiple project aliases by running firebase use --add, 
[info] but for now we'll just set up a default project.
[info] 
[info] i  If you want to create a project in a Google Cloud organization or folder, please use "firebase projects:create" instead, and return to this command when you've created the project. 
[debug] [2025-07-22T07:19:28.023Z] Checked if tokens are valid: true, expires at: 1753172052189
[debug] [2025-07-22T07:19:28.024Z] Checked if tokens are valid: true, expires at: 1753172052189
[debug] [2025-07-22T07:19:28.027Z] >>> [apiv2][query] POST https://firebase.googleapis.com/v1/projects:checkProjectId [none]
[debug] [2025-07-22T07:19:28.027Z] >>> [apiv2][body] POST https://firebase.googleapis.com/v1/projects:checkProjectId {"proposedId":"Food_Nutrition"}
[debug] [2025-07-22T07:19:28.594Z] <<< [apiv2][status] POST https://firebase.googleapis.com/v1/projects:checkProjectId 400
[debug] [2025-07-22T07:19:28.594Z] <<< [apiv2][body] POST https://firebase.googleapis.com/v1/projects:checkProjectId {"error":{"code":400,"message":"Request contains an invalid argument.","status":"INVALID_ARGUMENT"}}
[debug] [2025-07-22T07:19:28.596Z] Couldn't check if project ID Food_Nutrition is available. Original error: FirebaseError: Failed to check if project ID is available. See firebase-debug.log for more info.
[debug] [2025-07-22T07:19:44.640Z] Checked if tokens are valid: true, expires at: 1753172052189
[debug] [2025-07-22T07:19:44.641Z] Checked if tokens are valid: true, expires at: 1753172052189
[debug] [2025-07-22T07:19:44.641Z] >>> [apiv2][query] POST https://cloudresourcemanager.googleapis.com/v1/projects [none]
[debug] [2025-07-22T07:19:44.641Z] >>> [apiv2][body] POST https://cloudresourcemanager.googleapis.com/v1/projects {"projectId":"Food_Nutrition","name":"Food_Nutrition"}
[debug] [2025-07-22T07:19:46.126Z] <<< [apiv2][status] POST https://cloudresourcemanager.googleapis.com/v1/projects 400
[debug] [2025-07-22T07:19:46.126Z] <<< [apiv2][body] POST https://cloudresourcemanager.googleapis.com/v1/projects {"error":{"code":400,"message":"Request contains an invalid argument.","status":"INVALID_ARGUMENT","details":[{"@type":"type.googleapis.com/google.rpc.BadRequest","fieldViolations":[{"field":"project_id","description":"project_id contains invalid characters"},{"field":"display_name","description":"project display name contains invalid characters"}]},{"@type":"type.googleapis.com/google.rpc.Help","links":[{"url":"https://cloud.google.com/resource-manager/reference/rest/v1/projects"}]}]}}
[debug] [2025-07-22T07:19:46.129Z] FirebaseError: Request to https://cloudresourcemanager.googleapis.com/v1/projects had HTTP Error: 400, Request contains an invalid argument.
    at responseToError (C:\Users\anujg\AppData\Roaming\npm\node_modules\firebase-tools\lib\responseToError.js:52:12)
    at RetryOperation._fn (C:\Users\anujg\AppData\Roaming\npm\node_modules\firebase-tools\lib\apiv2.js:312:77)
    at process.processTicksAndRejections (node:internal/process/task_queues:105:5)
[error] 
[error] Error: Failed to create project. See firebase-debug.log for more info.
